GROUP,PACKAGE,CLASS,INSTRUCTION_MISSED,INSTRUCTION_COVERED,BRANCH_MISSED,BRANCH_COVERED,LINE_MISSED,LINE_COVERED,COMPLEXITY_MISSED,COMPLEXITY_COVERED,METHOD_MISSED,METHOD_COVERED
ms-payments,com.vitalpet.mspayments.controller,PaymentController,35,0,0,0,6,0,6,0,6,0
ms-payments,com.vitalpet.mspayments,MsPaymentsApplication,8,0,0,0,3,0,2,0,2,0
ms-payments,com.vitalpet.mspayments.exception,ResourceNotFoundException,0,4,0,0,0,2,0,1,0,1
ms-payments,com.vitalpet.mspayments.exception,GlobalExceptionHandler,175,0,0,0,46,0,8,0,8,0
ms-payments,com.vitalpet.mspayments.service,PaymentService,20,215,1,3,0,49,5,10,4,9
